Using pre-set license
Built from '2022.3/release' branch; Version is '2022.3.5f1 (9674261d40ee) revision 9860134'; Using compiler version '192829333'; Build Type 'Release'
OS: 'Windows 10  (10.0.19045) 64bit CoreSingleLanguage' Language: 'ru' Physical Memory: 16205 MB
BatchMode: 1, IsHumanControllingUs: 0, StartBugReporterOnCrash: 0, Is64bit: 1, IsPro: 1

COMMAND LINE ARGUMENTS:
C:\Program Files\Unity 2022.3.5f1\Editor\Unity.exe
-adb2
-batchMode
-noUpm
-name
AssetImportWorker0
-projectPath
D:/Dragon ball game/Adventure Game
-logFile
Logs/AssetImportWorker0.log
-srvPort
64958
Successfully changed project path to: D:/Dragon ball game/Adventure Game
D:/Dragon ball game/Adventure Game
[UnityMemory] Configuration Parameters - Can be set up in boot.config
    "memorysetup-bucket-allocator-granularity=16"
    "memorysetup-bucket-allocator-bucket-count=8"
    "memorysetup-bucket-allocator-block-size=33554432"
    "memorysetup-bucket-allocator-block-count=8"
    "memorysetup-main-allocator-block-size=16777216"
    "memorysetup-thread-allocator-block-size=16777216"
    "memorysetup-gfx-main-allocator-block-size=16777216"
    "memorysetup-gfx-thread-allocator-block-size=16777216"
    "memorysetup-cache-allocator-block-size=4194304"
    "memorysetup-typetree-allocator-block-size=2097152"
    "memorysetup-profiler-bucket-allocator-granularity=16"
    "memorysetup-profiler-bucket-allocator-bucket-count=8"
    "memorysetup-profiler-bucket-allocator-block-size=33554432"
    "memorysetup-profiler-bucket-allocator-block-count=8"
    "memorysetup-profiler-allocator-block-size=16777216"
    "memorysetup-profiler-editor-allocator-block-size=1048576"
    "memorysetup-temp-allocator-size-main=16777216"
    "memorysetup-job-temp-allocator-block-size=2097152"
    "memorysetup-job-temp-allocator-block-size-background=1048576"
    "memorysetup-job-temp-allocator-reduction-small-platforms=262144"
    "memorysetup-allocator-temp-initial-block-size-main=262144"
    "memorysetup-allocator-temp-initial-block-size-worker=262144"
    "memorysetup-temp-allocator-size-background-worker=32768"
    "memorysetup-temp-allocator-size-job-worker=262144"
    "memorysetup-temp-allocator-size-preload-manager=33554432"
    "memorysetup-temp-allocator-size-nav-mesh-worker=65536"
    "memorysetup-temp-allocator-size-audio-worker=65536"
    "memorysetup-temp-allocator-size-cloud-worker=32768"
    "memorysetup-temp-allocator-size-gi-baking-worker=262144"
    "memorysetup-temp-allocator-size-gfx=262144"
Player connection [10100] Host "[IP] 192.168.0.101 [Port] 0 [Flags] 2 [Guid] 1686341891 [EditorId] 1686341891 [Version] 1048832 [Id] WindowsEditor(7,MSI) [Debug] 1 [PackageName] WindowsEditor [ProjectName] Editor" joined multi-casting on [225.0.0.222:54997]...

Player connection [10100] Host "[IP] 192.168.0.101 [Port] 0 [Flags] 2 [Guid] 1686341891 [EditorId] 1686341891 [Version] 1048832 [Id] WindowsEditor(7,MSI) [Debug] 1 [PackageName] WindowsEditor [ProjectName] Editor" joined alternative multi-casting on [225.0.0.222:34997]...

Refreshing native plugins compatible for Editor in 7.26 ms, found 3 plugins.
Preloading 0 native plugins for Editor in 0.00 ms.
Initialize engine version: 2022.3.5f1 (9674261d40ee)
[Subsystems] Discovering subsystems at path C:/Program Files/Unity 2022.3.5f1/Editor/Data/Resources/UnitySubsystems
[Subsystems] Discovering subsystems at path D:/Dragon ball game/Adventure Game/Assets
GfxDevice: creating device client; threaded=0; jobified=0
Direct3D:
    Version:  Direct3D 11.0 [level 11.1]
    Renderer: NVIDIA GeForce GTX 1650 (ID=0x1f9d)
    Vendor:   NVIDIA
    VRAM:     3962 MB
    Driver:   30.0.14.9613
Initialize mono
Mono path[0] = 'C:/Program Files/Unity 2022.3.5f1/Editor/Data/Managed'
Mono path[1] = 'C:/Program Files/Unity 2022.3.5f1/Editor/Data/MonoBleedingEdge/lib/mono/unityjit-win32'
Mono config path = 'C:/Program Files/Unity 2022.3.5f1/Editor/Data/MonoBleedingEdge/etc'
Using monoOptions --debugger-agent=transport=dt_socket,embedding=1,server=y,suspend=n,address=127.0.0.1:56756
Begin MonoManager ReloadAssembly
Registering precompiled unity dll's ...
Register platform support module: C:/Program Files/Unity 2022.3.5f1/Editor/Data/PlaybackEngines/WindowsStandaloneSupport/UnityEditor.WindowsStandalone.Extensions.dll
Registered in 0.008022 seconds.
- Loaded All Assemblies, in  0.375 seconds
Native extension for WindowsStandalone target not found
Mono: successfully reloaded assembly
- Finished resetting the current domain, in  0.298 seconds
Domain Reload Profiling: 671ms
	BeginReloadAssembly (103ms)
		ExecutionOrderSort (0ms)
		DisableScriptedObjects (0ms)
		BackupInstance (0ms)
		ReleaseScriptingObjects (0ms)
		CreateAndSetChildDomain (1ms)
	RebuildCommonClasses (36ms)
	RebuildNativeTypeToScriptingClass (13ms)
	initialDomainReloadingComplete (67ms)
	LoadAllAssembliesAndSetupDomain (154ms)
		LoadAssemblies (100ms)
		RebuildTransferFunctionScriptingTraits (0ms)
		AnalyzeDomain (146ms)
			TypeCache.Refresh (145ms)
				TypeCache.ScanAssembly (131ms)
			ScanForSourceGeneratedMonoScriptInfo (0ms)
			ResolveRequiredComponents (1ms)
	FinalizeReload (299ms)
		ReleaseScriptCaches (0ms)
		RebuildScriptCaches (0ms)
		SetupLoadedEditorAssemblies (236ms)
			LogAssemblyErrors (0ms)
			InitializePlatformSupportModulesInManaged (10ms)
			SetLoadedEditorAssemblies (8ms)
			RefreshPlugins (0ms)
			BeforeProcessingInitializeOnLoad (2ms)
			ProcessInitializeOnLoadAttributes (156ms)
			ProcessInitializeOnLoadMethodAttributes (59ms)
			AfterProcessingInitializeOnLoad (0ms)
			EditorAssembliesLoaded (0ms)
		ExecutionOrderSort2 (0ms)
		AwakeInstancesAfterBackupRestoration (0ms)
========================================================================
Worker process is ready to serve import requests
Begin MonoManager ReloadAssembly
- Loaded All Assemblies, in  0.707 seconds
Refreshing native plugins compatible for Editor in 2.15 ms, found 3 plugins.
Native extension for WindowsStandalone target not found
Mono: successfully reloaded assembly
- Finished resetting the current domain, in  0.561 seconds
Domain Reload Profiling: 1265ms
	BeginReloadAssembly (151ms)
		ExecutionOrderSort (0ms)
		DisableScriptedObjects (6ms)
		BackupInstance (0ms)
		ReleaseScriptingObjects (0ms)
		CreateAndSetChildDomain (22ms)
	RebuildCommonClasses (36ms)
	RebuildNativeTypeToScriptingClass (12ms)
	initialDomainReloadingComplete (47ms)
	LoadAllAssembliesAndSetupDomain (458ms)
		LoadAssemblies (267ms)
		RebuildTransferFunctionScriptingTraits (0ms)
		AnalyzeDomain (264ms)
			TypeCache.Refresh (243ms)
				TypeCache.ScanAssembly (230ms)
			ScanForSourceGeneratedMonoScriptInfo (17ms)
			ResolveRequiredComponents (4ms)
	FinalizeReload (561ms)
		ReleaseScriptCaches (0ms)
		RebuildScriptCaches (0ms)
		SetupLoadedEditorAssemblies (391ms)
			LogAssemblyErrors (0ms)
			InitializePlatformSupportModulesInManaged (7ms)
			SetLoadedEditorAssemblies (5ms)
			RefreshPlugins (0ms)
			BeforeProcessingInitializeOnLoad (64ms)
			ProcessInitializeOnLoadAttributes (268ms)
			ProcessInitializeOnLoadMethodAttributes (35ms)
			AfterProcessingInitializeOnLoad (10ms)
			EditorAssembliesLoaded (0ms)
		ExecutionOrderSort2 (0ms)
		AwakeInstancesAfterBackupRestoration (7ms)
Launched and connected shader compiler UnityShaderCompiler.exe after 0.05 seconds
Refreshing native plugins compatible for Editor in 2.40 ms, found 3 plugins.
Preloading 0 native plugins for Editor in 0.00 ms.
Unloading 2414 Unused Serialized files (Serialized files now loaded: 0)
Unloading 54 unused Assets / (58.1 KB). Loaded Objects now: 2888.
Memory consumption went from 104.4 MB to 104.4 MB.
Total: 3.332100 ms (FindLiveObjects: 0.213100 ms CreateObjectMapping: 0.216800 ms MarkObjects: 2.788400 ms  DeleteObjects: 0.112900 ms)

AssetImportParameters requested are different than current active one (requested -> active):
  custom:video-decoder-webm-vp8: 9c59270c3fd7afecdb556c50c9e8de78 -> 
  custom:container-demuxer-ogg: 62fdf1f143b41e24485cea50d1cbac27 -> 
  custom:AudioImporter_EditorPlatform: d09bf68614088b80899f8185d706f6e7 -> 
  custom:video-decoder-ogg-theora: a1e56fd34408186e4bbccfd4996cb3dc -> 
  custom:framework-win-MediaFoundation: 216162199b28c13a410421893ffa2e32 -> 
  custom:video-encoder-webm-vp8: eb34c28f22e8b96e1ab97ce403110664 -> 
  custom:audio-decoder-ogg-vorbis: bf7c407c2cedff20999df2af8eb42d56 -> 
  custom:CustomObjectIndexerAttribute: 756ad292c208cfabdd7b50bc23989ffe -> 
  custom:container-demuxer-webm: 4f35f7cbe854078d1ac9338744f61a02 -> 
  custom:audio-encoder-webm-vorbis: bf7c407c2cedff20999df2af8eb42d56 -> 
  custom:container-muxer-webm: aa71ff27fc2769a1b78a27578f13a17b -> 
========================================================================
Received Import Request.
  Time since last request: 1313.099970 seconds.
  path: Assets/HyperLuminal/2D Fantasy Forest Tileset/Tileset/checkpoints_and_triggers/checkpoints_and_triggers_day/trigger2_off.png
  artifactKey: Guid(123be4495f7219a41ba99706ca6929ff) Importer(815301076,1909f56bfc062723c751e8b465ee728b)
Start importing Assets/HyperLuminal/2D Fantasy Forest Tileset/Tileset/checkpoints_and_triggers/checkpoints_and_triggers_day/trigger2_off.png using Guid(123be4495f7219a41ba99706ca6929ff) Importer(815301076,1909f56bfc062723c751e8b465ee728b)  -> (artifact id: 'ccfc6c03a43e8e4164e6ebb6f177630c') in 0.106560 seconds
Number of updated asset objects reloaded before import = 0
Number of asset objects unloaded after import = 3
========================================================================
Received Import Request.
  Time since last request: 0.000018 seconds.
  path: Assets/HyperLuminal/2D Fantasy Forest Tileset/Tileset/forest/forest_night/two_trees.png
  artifactKey: Guid(e661ec0ae512f734dba56c3e8e01f4c1) Importer(815301076,1909f56bfc062723c751e8b465ee728b)
Start importing Assets/HyperLuminal/2D Fantasy Forest Tileset/Tileset/forest/forest_night/two_trees.png using Guid(e661ec0ae512f734dba56c3e8e01f4c1) Importer(815301076,1909f56bfc062723c751e8b465ee728b)  -> (artifact id: '1b96fadc4e147461fb5bda27d381ab75') in 0.016147 seconds
Number of updated asset objects reloaded before import = 0
Number of asset objects unloaded after import = 3
========================================================================
Received Import Request.
  Time since last request: 0.000019 seconds.
  path: Assets/HyperLuminal/2D Fantasy Forest Tileset/Tileset/forest/forest_day/two_trees.png
  artifactKey: Guid(07f5c784c5858534aa49f850754e0916) Importer(815301076,1909f56bfc062723c751e8b465ee728b)
Start importing Assets/HyperLuminal/2D Fantasy Forest Tileset/Tileset/forest/forest_day/two_trees.png using Guid(07f5c784c5858534aa49f850754e0916) Importer(815301076,1909f56bfc062723c751e8b465ee728b)  -> (artifact id: '892c9319a758c360139d98c364760eea') in 0.013893 seconds
Number of updated asset objects reloaded before import = 0
Number of asset objects unloaded after import = 3
========================================================================
Received Import Request.
  Time since last request: 0.000013 seconds.
  path: Assets/HyperLuminal/2D Fantasy Forest Tileset/Tileset/forest/forest_night/two_trees_autumn.png
  artifactKey: Guid(7b71644ca577ce740a8398fea26db702) Importer(815301076,1909f56bfc062723c751e8b465ee728b)
Start importing Assets/HyperLuminal/2D Fantasy Forest Tileset/Tileset/forest/forest_night/two_trees_autumn.png using Guid(7b71644ca577ce740a8398fea26db702) Importer(815301076,1909f56bfc062723c751e8b465ee728b)  -> (artifact id: 'a790e42165f82210945e6614748eb039') in 0.014738 seconds
Number of updated asset objects reloaded before import = 0
Number of asset objects unloaded after import = 3
========================================================================
Received Import Request.
  Time since last request: 0.000062 seconds.
  path: Assets/HyperLuminal/2D Fantasy Forest Tileset/Tileset/forest/forest_day/two_trees_autumn.png
  artifactKey: Guid(0e0348d1d96934a45b820f6cf9e4b879) Importer(815301076,1909f56bfc062723c751e8b465ee728b)
Start importing Assets/HyperLuminal/2D Fantasy Forest Tileset/Tileset/forest/forest_day/two_trees_autumn.png using Guid(0e0348d1d96934a45b820f6cf9e4b879) Importer(815301076,1909f56bfc062723c751e8b465ee728b)  -> (artifact id: '29b1752b9272bd40b0a7af4bc3417fe8') in 0.014929 seconds
Number of updated asset objects reloaded before import = 0
Number of asset objects unloaded after import = 3
========================================================================
Received Import Request.
  Time since last request: 0.000017 seconds.
  path: Assets/HyperLuminal/2D Fantasy Forest Tileset/Tileset/forest/forest_day/two_trees_tree_stumps.png
  artifactKey: Guid(4ccbbfb1e99fa3b469f94d630fc83b7d) Importer(815301076,1909f56bfc062723c751e8b465ee728b)
Start importing Assets/HyperLuminal/2D Fantasy Forest Tileset/Tileset/forest/forest_day/two_trees_tree_stumps.png using Guid(4ccbbfb1e99fa3b469f94d630fc83b7d) Importer(815301076,1909f56bfc062723c751e8b465ee728b)  -> (artifact id: '735dede61e70c9c3b14eae910b172140') in 0.013762 seconds
Number of updated asset objects reloaded before import = 0
Number of asset objects unloaded after import = 3
========================================================================
Received Import Request.
  Time since last request: 0.000026 seconds.
  path: Assets/HyperLuminal/2D Fantasy Forest Tileset/Tileset/forest/forest_day/two_trees_magical.png
  artifactKey: Guid(ac0d958f3c9bccb4c8f83109adf63976) Importer(815301076,1909f56bfc062723c751e8b465ee728b)
Start importing Assets/HyperLuminal/2D Fantasy Forest Tileset/Tileset/forest/forest_day/two_trees_magical.png using Guid(ac0d958f3c9bccb4c8f83109adf63976) Importer(815301076,1909f56bfc062723c751e8b465ee728b)  -> (artifact id: 'bf26c618d99e3438a67cec0a71d4c734') in 0.015134 seconds
Number of updated asset objects reloaded before import = 0
Number of asset objects unloaded after import = 3
========================================================================
Received Import Request.
  Time since last request: 0.000012 seconds.
  path: Assets/HyperLuminal/2D Fantasy Forest Tileset/Tileset/forest/forest_night/two_trees_tree_stumps.png
  artifactKey: Guid(5b76fa2f7ccc74640a474c8a5fe1cb66) Importer(815301076,1909f56bfc062723c751e8b465ee728b)
Start importing Assets/HyperLuminal/2D Fantasy Forest Tileset/Tileset/forest/forest_night/two_trees_tree_stumps.png using Guid(5b76fa2f7ccc74640a474c8a5fe1cb66) Importer(815301076,1909f56bfc062723c751e8b465ee728b)  -> (artifact id: '179890081aae03d0811d6db63ed3a93b') in 0.013418 seconds
Number of updated asset objects reloaded before import = 0
Number of asset objects unloaded after import = 3
========================================================================
Received Import Request.
  Time since last request: 0.691054 seconds.
  path: Assets/HyperLuminal/2D Fantasy Forest Tileset/Tileset/miscellaneous/TreeWisp.png
  artifactKey: Guid(60923ffa3eb76224cab22862179034f9) Importer(815301076,1909f56bfc062723c751e8b465ee728b)
Start importing Assets/HyperLuminal/2D Fantasy Forest Tileset/Tileset/miscellaneous/TreeWisp.png using Guid(60923ffa3eb76224cab22862179034f9) Importer(815301076,1909f56bfc062723c751e8b465ee728b)  -> (artifact id: '3a500c0701de68f8eb13cd645e7e809d') in 0.056236 seconds
Number of updated asset objects reloaded before import = 0
Number of asset objects unloaded after import = 17
========================================================================
Received Import Request.
  Time since last request: 0.000037 seconds.
  path: Assets/HyperLuminal/2D Fantasy Forest Tileset/Tileset/forest/forest_day/tree_stump_mushrooms2.png
  artifactKey: Guid(10296d4fb2c74d449892d4adabdfbcfa) Importer(815301076,1909f56bfc062723c751e8b465ee728b)
Start importing Assets/HyperLuminal/2D Fantasy Forest Tileset/Tileset/forest/forest_day/tree_stump_mushrooms2.png using Guid(10296d4fb2c74d449892d4adabdfbcfa) Importer(815301076,1909f56bfc062723c751e8b465ee728b)  -> (artifact id: '455d9139ad791037a3ee04861a98dfa0') in 0.015392 seconds
Number of updated asset objects reloaded before import = 0
Number of asset objects unloaded after import = 3
========================================================================
Received Import Request.
  Time since last request: 0.000018 seconds.
  path: Assets/HyperLuminal/2D Fantasy Forest Tileset/Tileset/forest/forest_day/tree_set2 (4piece)/tree_set2_04.png
  artifactKey: Guid(e27d5d9678a6ce444b36ea1585be5c6a) Importer(815301076,1909f56bfc062723c751e8b465ee728b)
Start importing Assets/HyperLuminal/2D Fantasy Forest Tileset/Tileset/forest/forest_day/tree_set2 (4piece)/tree_set2_04.png using Guid(e27d5d9678a6ce444b36ea1585be5c6a) Importer(815301076,1909f56bfc062723c751e8b465ee728b)  -> (artifact id: 'b01514d166d879231316fc7f897df1de') in 0.016841 seconds
Number of updated asset objects reloaded before import = 0
Number of asset objects unloaded after import = 3
========================================================================
Received Import Request.
  Time since last request: 0.000012 seconds.
  path: Assets/HyperLuminal/2D Fantasy Forest Tileset/Tileset/checkpoints_and_triggers/checkpoints_and_triggers_night/trigger1_on.png
  artifactKey: Guid(8cab89c8e3f5b5045940393e58af5880) Importer(815301076,1909f56bfc062723c751e8b465ee728b)
Start importing Assets/HyperLuminal/2D Fantasy Forest Tileset/Tileset/checkpoints_and_triggers/checkpoints_and_triggers_night/trigger1_on.png using Guid(8cab89c8e3f5b5045940393e58af5880) Importer(815301076,1909f56bfc062723c751e8b465ee728b)  -> (artifact id: '6666073445b10d0e60fa2d2d24197dcf') in 0.017273 seconds
Number of updated asset objects reloaded before import = 0
Number of asset objects unloaded after import = 3
========================================================================
Received Import Request.
  Time since last request: 0.000016 seconds.
  path: Assets/HyperLuminal/2D Fantasy Forest Tileset/Tileset/forest/forest_night/tree_set2 (4piece)/tree_set2_04.png
  artifactKey: Guid(79575a78c1a146e4da1fe2b2708219f5) Importer(815301076,1909f56bfc062723c751e8b465ee728b)
Start importing Assets/HyperLuminal/2D Fantasy Forest Tileset/Tileset/forest/forest_night/tree_set2 (4piece)/tree_set2_04.png using Guid(79575a78c1a146e4da1fe2b2708219f5) Importer(815301076,1909f56bfc062723c751e8b465ee728b)  -> (artifact id: '4bc323e1bf4701164f00f5b7c3f85556') in 0.015818 seconds
Number of updated asset objects reloaded before import = 0
Number of asset objects unloaded after import = 3
========================================================================
Received Import Request.
  Time since last request: 0.000030 seconds.
  path: Assets/HyperLuminal/2D Fantasy Forest Tileset/Tileset/forest/forest_day/tree_stump_mushrooms1.png
  artifactKey: Guid(5a45a7a6d3b295f45af3f3b8788a67f8) Importer(815301076,1909f56bfc062723c751e8b465ee728b)
Start importing Assets/HyperLuminal/2D Fantasy Forest Tileset/Tileset/forest/forest_day/tree_stump_mushrooms1.png using Guid(5a45a7a6d3b295f45af3f3b8788a67f8) Importer(815301076,1909f56bfc062723c751e8b465ee728b)  -> (artifact id: '196eeb5130dd7f0a913057adb59f3fcf') in 0.015537 seconds
Number of updated asset objects reloaded before import = 0
Number of asset objects unloaded after import = 3
========================================================================
Received Import Request.
  Time since last request: 0.000013 seconds.
  path: Assets/HyperLuminal/2D Fantasy Forest Tileset/Tileset/checkpoints_and_triggers/checkpoints_and_triggers_day/trigger1_on.png
  artifactKey: Guid(9d7f9120e61776f4cafc7270eb1078b4) Importer(815301076,1909f56bfc062723c751e8b465ee728b)
Start importing Assets/HyperLuminal/2D Fantasy Forest Tileset/Tileset/checkpoints_and_triggers/checkpoints_and_triggers_day/trigger1_on.png using Guid(9d7f9120e61776f4cafc7270eb1078b4) Importer(815301076,1909f56bfc062723c751e8b465ee728b)  -> (artifact id: '4c089bffa3e6dc70d049dc989fbfa320') in 0.015172 seconds
Number of updated asset objects reloaded before import = 0
Number of asset objects unloaded after import = 3
========================================================================
Received Import Request.
  Time since last request: 0.000014 seconds.
  path: Assets/HyperLuminal/2D Fantasy Forest Tileset/Tileset/forest/forest_night/tree_set2 (4piece)/tree_set2_01.png
  artifactKey: Guid(f80c78df78f522644b84b6d1b279ea03) Importer(815301076,1909f56bfc062723c751e8b465ee728b)
Start importing Assets/HyperLuminal/2D Fantasy Forest Tileset/Tileset/forest/forest_night/tree_set2 (4piece)/tree_set2_01.png using Guid(f80c78df78f522644b84b6d1b279ea03) Importer(815301076,1909f56bfc062723c751e8b465ee728b)  -> (artifact id: 'ff61171b33f48e93a279d9a28b11c6e8') in 0.013642 seconds
Number of updated asset objects reloaded before import = 0
Number of asset objects unloaded after import = 3
========================================================================
Received Import Request.
  Time since last request: 0.083925 seconds.
  path: Assets/HyperLuminal/2D Fantasy Forest Tileset/Tileset/forest/forest_day/tree_set1 (6piece)/tree_set1_03.png
  artifactKey: Guid(51b90200167d3744294c3da5f4f36fbc) Importer(815301076,1909f56bfc062723c751e8b465ee728b)
Start importing Assets/HyperLuminal/2D Fantasy Forest Tileset/Tileset/forest/forest_day/tree_set1 (6piece)/tree_set1_03.png using Guid(51b90200167d3744294c3da5f4f36fbc) Importer(815301076,1909f56bfc062723c751e8b465ee728b)  -> (artifact id: 'abb1383a2542d7224ae732dd3e3a4eed') in 0.014295 seconds
Number of updated asset objects reloaded before import = 0
Number of asset objects unloaded after import = 3
========================================================================
Received Import Request.
  Time since last request: 0.002170 seconds.
  path: Assets/HyperLuminal/2D Fantasy Forest Tileset/Tileset/forest/forest_day/tree_set1 (6piece)/tree_set1_04.png
  artifactKey: Guid(8eebbd0aedd44574eb1ce54beb2d69d1) Importer(815301076,1909f56bfc062723c751e8b465ee728b)
Start importing Assets/HyperLuminal/2D Fantasy Forest Tileset/Tileset/forest/forest_day/tree_set1 (6piece)/tree_set1_04.png using Guid(8eebbd0aedd44574eb1ce54beb2d69d1) Importer(815301076,1909f56bfc062723c751e8b465ee728b)  -> (artifact id: '7fc4b8a94895c02edfd59364893ca275') in 0.016514 seconds
Number of updated asset objects reloaded before import = 0
Number of asset objects unloaded after import = 3
========================================================================
Received Import Request.
  Time since last request: 0.000036 seconds.
  path: Assets/HyperLuminal/2D Fantasy Forest Tileset/Tileset/forest/forest_night/tree_set1 (6piece)/tree_set1_04.png
  artifactKey: Guid(b839d91fae0eece4d807ae729f22b8ce) Importer(815301076,1909f56bfc062723c751e8b465ee728b)
Start importing Assets/HyperLuminal/2D Fantasy Forest Tileset/Tileset/forest/forest_night/tree_set1 (6piece)/tree_set1_04.png using Guid(b839d91fae0eece4d807ae729f22b8ce) Importer(815301076,1909f56bfc062723c751e8b465ee728b)  -> (artifact id: '928ecd7cc86004fcc8beb268a670e1b7') in 0.015256 seconds
Number of updated asset objects reloaded before import = 0
Number of asset objects unloaded after import = 3
========================================================================
Received Import Request.
  Time since last request: 0.000020 seconds.
  path: Assets/HyperLuminal/2D Fantasy Forest Tileset/Tileset/forest/forest_day/tree_rock_autumn.png
  artifactKey: Guid(4b198b0eded8b5147aab178b0ff7f075) Importer(815301076,1909f56bfc062723c751e8b465ee728b)
Start importing Assets/HyperLuminal/2D Fantasy Forest Tileset/Tileset/forest/forest_day/tree_rock_autumn.png using Guid(4b198b0eded8b5147aab178b0ff7f075) Importer(815301076,1909f56bfc062723c751e8b465ee728b)  -> (artifact id: 'e90b9a8f6dee229fcfe854c3f4b36600') in 0.013774 seconds
Number of updated asset objects reloaded before import = 0
Number of asset objects unloaded after import = 3
========================================================================
Received Import Request.
  Time since last request: 0.000014 seconds.
  path: Assets/HyperLuminal/2D Fantasy Forest Tileset/Tileset/forest/forest_day/tree_set1 (6piece)/tree_set1.png
  artifactKey: Guid(ad827a01c560ab844aded2a5d7de0825) Importer(815301076,1909f56bfc062723c751e8b465ee728b)
Start importing Assets/HyperLuminal/2D Fantasy Forest Tileset/Tileset/forest/forest_day/tree_set1 (6piece)/tree_set1.png using Guid(ad827a01c560ab844aded2a5d7de0825) Importer(815301076,1909f56bfc062723c751e8b465ee728b)  -> (artifact id: '2cbc236384ed8bbf5cac52ccfb76bf78') in 0.018406 seconds
Number of updated asset objects reloaded before import = 0
Number of asset objects unloaded after import = 3
========================================================================
Received Import Request.
  Time since last request: 0.000012 seconds.
  path: Assets/HyperLuminal/2D Fantasy Forest Tileset/Tileset/forest/forest_day/tree_path_set2 (4piece)/tree_path_ver_04.png
  artifactKey: Guid(12a03ea59517f654fb0b9b8b0de5fdcf) Importer(815301076,1909f56bfc062723c751e8b465ee728b)
Start importing Assets/HyperLuminal/2D Fantasy Forest Tileset/Tileset/forest/forest_day/tree_path_set2 (4piece)/tree_path_ver_04.png using Guid(12a03ea59517f654fb0b9b8b0de5fdcf) Importer(815301076,1909f56bfc062723c751e8b465ee728b)  -> (artifact id: '500fe3592f4cd9b3bd774b36f2be13f8') in 0.013813 seconds
Number of updated asset objects reloaded before import = 0
Number of asset objects unloaded after import = 3
========================================================================
Received Import Request.
  Time since last request: 0.000015 seconds.
  path: Assets/HyperLuminal/2D Fantasy Forest Tileset/Tileset/forest/forest_night/tree_rock.png
  artifactKey: Guid(e8631ac5f8fbb1e4ab5f43115c3c2879) Importer(815301076,1909f56bfc062723c751e8b465ee728b)
Start importing Assets/HyperLuminal/2D Fantasy Forest Tileset/Tileset/forest/forest_night/tree_rock.png using Guid(e8631ac5f8fbb1e4ab5f43115c3c2879) Importer(815301076,1909f56bfc062723c751e8b465ee728b)  -> (artifact id: '9c3a90977eeb93c449d3d6056b43b8e7') in 0.014370 seconds
Number of updated asset objects reloaded before import = 0
Number of asset objects unloaded after import = 3
========================================================================
Received Import Request.
  Time since last request: 0.000016 seconds.
  path: Assets/HyperLuminal/2D Fantasy Forest Tileset/Tileset/forest/forest_day/tree_path_set2 (4piece)/tree_path_ver_01.png
  artifactKey: Guid(5ccf6a42863a81b4d9be3962ee1f08cd) Importer(815301076,1909f56bfc062723c751e8b465ee728b)
Start importing Assets/HyperLuminal/2D Fantasy Forest Tileset/Tileset/forest/forest_day/tree_path_set2 (4piece)/tree_path_ver_01.png using Guid(5ccf6a42863a81b4d9be3962ee1f08cd) Importer(815301076,1909f56bfc062723c751e8b465ee728b)  -> (artifact id: 'c19ab205905d4fc718a0ce7cc33be58e') in 0.013327 seconds
Number of updated asset objects reloaded before import = 0
Number of asset objects unloaded after import = 3
========================================================================
Received Import Request.
  Time since last request: 0.000014 seconds.
  path: Assets/HyperLuminal/2D Fantasy Forest Tileset/Tileset/forest/forest_night/tree_rock_autumn.png
  artifactKey: Guid(49eecf73dea289841a5dbfc74ee6827f) Importer(815301076,1909f56bfc062723c751e8b465ee728b)
Start importing Assets/HyperLuminal/2D Fantasy Forest Tileset/Tileset/forest/forest_night/tree_rock_autumn.png using Guid(49eecf73dea289841a5dbfc74ee6827f) Importer(815301076,1909f56bfc062723c751e8b465ee728b)  -> (artifact id: 'daa51f4a1969b835e35ae9b0f057b8e6') in 0.014156 seconds
Number of updated asset objects reloaded before import = 0
Number of asset objects unloaded after import = 3
========================================================================
Received Import Request.
  Time since last request: 0.000025 seconds.
  path: Assets/HyperLuminal/2D Fantasy Forest Tileset/Tileset/forest/forest_day/tree_rock.png
  artifactKey: Guid(87180d4e5d8e96748a3f78474be9d0df) Importer(815301076,1909f56bfc062723c751e8b465ee728b)
Start importing Assets/HyperLuminal/2D Fantasy Forest Tileset/Tileset/forest/forest_day/tree_rock.png using Guid(87180d4e5d8e96748a3f78474be9d0df) Importer(815301076,1909f56bfc062723c751e8b465ee728b)  -> (artifact id: 'a4d39691c7063496c1e6bfe7269f03b1') in 0.016588 seconds
Number of updated asset objects reloaded before import = 0
Number of asset objects unloaded after import = 3
========================================================================
Received Import Request.
  Time since last request: 0.000018 seconds.
  path: Assets/HyperLuminal/2D Fantasy Forest Tileset/Tileset/forest/forest_night/tree_path_set2 (4piece)/tree_path_ver_04.png
  artifactKey: Guid(b3ccc1ec4d1a11f4b9af406eb42c38f5) Importer(815301076,1909f56bfc062723c751e8b465ee728b)
Start importing Assets/HyperLuminal/2D Fantasy Forest Tileset/Tileset/forest/forest_night/tree_path_set2 (4piece)/tree_path_ver_04.png using Guid(b3ccc1ec4d1a11f4b9af406eb42c38f5) Importer(815301076,1909f56bfc062723c751e8b465ee728b)  -> (artifact id: 'bf2ff1e9d36a2b2b799edf0709543537') in 0.015780 seconds
Number of updated asset objects reloaded before import = 0
Number of asset objects unloaded after import = 3
========================================================================
Received Import Request.
  Time since last request: 0.000012 seconds.
  path: Assets/HyperLuminal/2D Fantasy Forest Tileset/Tileset/forest/forest_day/tree_set1 (6piece)/tree_set1_06.png
  artifactKey: Guid(6a4e71ffa659e4643bdb6748ac2d2e80) Importer(815301076,1909f56bfc062723c751e8b465ee728b)
Start importing Assets/HyperLuminal/2D Fantasy Forest Tileset/Tileset/forest/forest_day/tree_set1 (6piece)/tree_set1_06.png using Guid(6a4e71ffa659e4643bdb6748ac2d2e80) Importer(815301076,1909f56bfc062723c751e8b465ee728b)  -> (artifact id: 'd00bd53c3215448f58eb660bbcc9d1cb') in 0.013052 seconds
Number of updated asset objects reloaded before import = 0
Number of asset objects unloaded after import = 3
========================================================================
Received Import Request.
  Time since last request: 0.000014 seconds.
  path: Assets/HyperLuminal/2D Fantasy Forest Tileset/Tileset/forest/forest_day/tree_path_set2 (4piece)/tree_path_ver_03.png
  artifactKey: Guid(711eaff7252dada44b49dcda41f6d4f7) Importer(815301076,1909f56bfc062723c751e8b465ee728b)
Start importing Assets/HyperLuminal/2D Fantasy Forest Tileset/Tileset/forest/forest_day/tree_path_set2 (4piece)/tree_path_ver_03.png using Guid(711eaff7252dada44b49dcda41f6d4f7) Importer(815301076,1909f56bfc062723c751e8b465ee728b)  -> (artifact id: 'dda3c1332b53338fa10891e2d00e0375') in 0.013706 seconds
Number of updated asset objects reloaded before import = 0
Number of asset objects unloaded after import = 3
========================================================================
Received Import Request.
  Time since last request: 0.000046 seconds.
  path: Assets/HyperLuminal/2D Fantasy Forest Tileset/Tileset/forest/forest_night/tree_set1 (6piece)/tree_set1_06.png
  artifactKey: Guid(7752c796d8b6bfa4ab8b5c1352a6cadc) Importer(815301076,1909f56bfc062723c751e8b465ee728b)
Start importing Assets/HyperLuminal/2D Fantasy Forest Tileset/Tileset/forest/forest_night/tree_set1 (6piece)/tree_set1_06.png using Guid(7752c796d8b6bfa4ab8b5c1352a6cadc) Importer(815301076,1909f56bfc062723c751e8b465ee728b)  -> (artifact id: '7e144d5f6658d17363ce460a6c398b00') in 0.017403 seconds
Number of updated asset objects reloaded before import = 0
Number of asset objects unloaded after import = 3
========================================================================
Received Import Request.
  Time since last request: 0.000019 seconds.
  path: Assets/HyperLuminal/2D Fantasy Forest Tileset/Tileset/forest/forest_night/tree_set1 (6piece)/tree_set1_02.png
  artifactKey: Guid(c56bc3a4933669e4782cb45d87944ff5) Importer(815301076,1909f56bfc062723c751e8b465ee728b)
Start importing Assets/HyperLuminal/2D Fantasy Forest Tileset/Tileset/forest/forest_night/tree_set1 (6piece)/tree_set1_02.png using Guid(c56bc3a4933669e4782cb45d87944ff5) Importer(815301076,1909f56bfc062723c751e8b465ee728b)  -> (artifact id: 'ea5c8a6f518c33349d4551594b39cb63') in 0.014586 seconds
Number of updated asset objects reloaded before import = 0
Number of asset objects unloaded after import = 3
========================================================================
Received Import Request.
  Time since last request: 0.000013 seconds.
  path: Assets/HyperLuminal/2D Fantasy Forest Tileset/Tileset/forest/forest_night/tree_set1 (6piece)/tree_set1_05.png
  artifactKey: Guid(cbc68a251fac0f24d884edeaa13304ba) Importer(815301076,1909f56bfc062723c751e8b465ee728b)
Start importing Assets/HyperLuminal/2D Fantasy Forest Tileset/Tileset/forest/forest_night/tree_set1 (6piece)/tree_set1_05.png using Guid(cbc68a251fac0f24d884edeaa13304ba) Importer(815301076,1909f56bfc062723c751e8b465ee728b)  -> (artifact id: '1eac0ea01ab4c5b4c8270aedc10d9a0f') in 0.014809 seconds
Number of updated asset objects reloaded before import = 0
Number of asset objects unloaded after import = 3
========================================================================
Received Import Request.
  Time since last request: 0.000020 seconds.
  path: Assets/HyperLuminal/2D Fantasy Forest Tileset/Tileset/forest/forest_night/tree_rock_magical.png
  artifactKey: Guid(2280f950b6dac444ba95b1dbdb0dead6) Importer(815301076,1909f56bfc062723c751e8b465ee728b)
Start importing Assets/HyperLuminal/2D Fantasy Forest Tileset/Tileset/forest/forest_night/tree_rock_magical.png using Guid(2280f950b6dac444ba95b1dbdb0dead6) Importer(815301076,1909f56bfc062723c751e8b465ee728b)  -> (artifact id: 'bebb2fafe71fb0a20023c9b2b32b9559') in 0.016301 seconds
Number of updated asset objects reloaded before import = 0
Number of asset objects unloaded after import = 3
========================================================================
Received Import Request.
  Time since last request: 0.000018 seconds.
  path: Assets/HyperLuminal/2D Fantasy Forest Tileset/Tileset/forest/forest_night/tree_path_set2 (4piece)/tree_path_ver_02.png
  artifactKey: Guid(d52a559d1c2a0b34f902edcf35eb62dd) Importer(815301076,1909f56bfc062723c751e8b465ee728b)
Start importing Assets/HyperLuminal/2D Fantasy Forest Tileset/Tileset/forest/forest_night/tree_path_set2 (4piece)/tree_path_ver_02.png using Guid(d52a559d1c2a0b34f902edcf35eb62dd) Importer(815301076,1909f56bfc062723c751e8b465ee728b)  -> (artifact id: 'a72150223c8ef14bbbe859d77624ed46') in 0.016718 seconds
Number of updated asset objects reloaded before import = 0
Number of asset objects unloaded after import = 3
========================================================================
Received Import Request.
  Time since last request: 0.000025 seconds.
  path: Assets/HyperLuminal/2D Fantasy Forest Tileset/Tileset/forest/forest_night/tree&rock_set (2piece)/tree&rock_set.png
  artifactKey: Guid(24c91769b48581b4baa05a26dc14cf53) Importer(815301076,1909f56bfc062723c751e8b465ee728b)
Start importing Assets/HyperLuminal/2D Fantasy Forest Tileset/Tileset/forest/forest_night/tree&rock_set (2piece)/tree&rock_set.png using Guid(24c91769b48581b4baa05a26dc14cf53) Importer(815301076,1909f56bfc062723c751e8b465ee728b)  -> (artifact id: '3e1284814024730127eba69c931d04fd') in 0.017131 seconds
Number of updated asset objects reloaded before import = 0
Number of asset objects unloaded after import = 3
========================================================================
Received Import Request.
  Time since last request: 0.000015 seconds.
  path: Assets/HyperLuminal/2D Fantasy Forest Tileset/Tileset/forest/forest_night/tree_magical.png
  artifactKey: Guid(33afbdc36f6a1624cb241887ad4258fb) Importer(815301076,1909f56bfc062723c751e8b465ee728b)
Start importing Assets/HyperLuminal/2D Fantasy Forest Tileset/Tileset/forest/forest_night/tree_magical.png using Guid(33afbdc36f6a1624cb241887ad4258fb) Importer(815301076,1909f56bfc062723c751e8b465ee728b)  -> (artifact id: '9338ecea224c8ef7973e9f7eee20e183') in 0.015234 seconds
Number of updated asset objects reloaded before import = 0
Number of asset objects unloaded after import = 3
========================================================================
Received Import Request.
  Time since last request: 0.000014 seconds.
  path: Assets/HyperLuminal/2D Fantasy Forest Tileset/Tileset/forest/forest_night/tree&rock_set (2piece)/tree&rock_set_02.png
  artifactKey: Guid(9f26ebe7e9741e34091baf6061dbe0fd) Importer(815301076,1909f56bfc062723c751e8b465ee728b)
Start importing Assets/HyperLuminal/2D Fantasy Forest Tileset/Tileset/forest/forest_night/tree&rock_set (2piece)/tree&rock_set_02.png using Guid(9f26ebe7e9741e34091baf6061dbe0fd) Importer(815301076,1909f56bfc062723c751e8b465ee728b)  -> (artifact id: 'ac02330669abfa23c7680311bb4f38ee') in 0.014344 seconds
Number of updated asset objects reloaded before import = 0
Number of asset objects unloaded after import = 3
========================================================================
Received Import Request.
  Time since last request: 0.000014 seconds.
  path: Assets/HyperLuminal/2D Fantasy Forest Tileset/Tileset/forest/forest_night/tree.png
  artifactKey: Guid(563482ee4ed1ec840bf8e14edca86269) Importer(815301076,1909f56bfc062723c751e8b465ee728b)
Start importing Assets/HyperLuminal/2D Fantasy Forest Tileset/Tileset/forest/forest_night/tree.png using Guid(563482ee4ed1ec840bf8e14edca86269) Importer(815301076,1909f56bfc062723c751e8b465ee728b)  -> (artifact id: '6281656d888263c44a9dc95822325009') in 0.015078 seconds
Number of updated asset objects reloaded before import = 0
Number of asset objects unloaded after import = 3
========================================================================
Received Import Request.
  Time since last request: 1.897570 seconds.
  path: Assets/Sprites/KidGoku/Hud1/Border1.png
  artifactKey: Guid(3421e6b9400edeb4db5f0d33f3af65ab) Importer(815301076,1909f56bfc062723c751e8b465ee728b)
Start importing Assets/Sprites/KidGoku/Hud1/Border1.png using Guid(3421e6b9400edeb4db5f0d33f3af65ab) Importer(815301076,1909f56bfc062723c751e8b465ee728b)  -> (artifact id: '50ae3fae22c7e34caa1083e369fc0959') in 0.015811 seconds
Number of updated asset objects reloaded before import = 0
Number of asset objects unloaded after import = 3
========================================================================
Received Import Request.
  Time since last request: 0.000037 seconds.
  path: Assets/HyperLuminal/2D Fantasy Forest Tileset/Tileset/treasure_dark/treasure_dark_closed_blue.png
  artifactKey: Guid(ed7e5f302e88d2e4c9f06d607e1b909d) Importer(815301076,1909f56bfc062723c751e8b465ee728b)
Start importing Assets/HyperLuminal/2D Fantasy Forest Tileset/Tileset/treasure_dark/treasure_dark_closed_blue.png using Guid(ed7e5f302e88d2e4c9f06d607e1b909d) Importer(815301076,1909f56bfc062723c751e8b465ee728b)  -> (artifact id: '39c0b7c0e16bd69dbd67f823363ff619') in 0.016865 seconds
Number of updated asset objects reloaded before import = 0
Number of asset objects unloaded after import = 3
========================================================================
Received Import Request.
  Time since last request: 0.000012 seconds.
  path: Assets/HyperLuminal/2D Fantasy Forest Tileset/Tileset/treasure_keys/key_blue.png
  artifactKey: Guid(9b1a43a1c27a3c14ca4f75a5c2fcee40) Importer(815301076,1909f56bfc062723c751e8b465ee728b)
Start importing Assets/HyperLuminal/2D Fantasy Forest Tileset/Tileset/treasure_keys/key_blue.png using Guid(9b1a43a1c27a3c14ca4f75a5c2fcee40) Importer(815301076,1909f56bfc062723c751e8b465ee728b)  -> (artifact id: 'e23b84886d528ae32cf266f03689912e') in 0.018121 seconds
Number of updated asset objects reloaded before import = 0
Number of asset objects unloaded after import = 3
========================================================================
Received Import Request.
  Time since last request: 0.000013 seconds.
  path: Assets/HyperLuminal/2D Fantasy Forest Tileset/Tileset/collectables/collectable_red.png
  artifactKey: Guid(03293ac44527f1f4ebcad88fbc32a950) Importer(815301076,1909f56bfc062723c751e8b465ee728b)
Start importing Assets/HyperLuminal/2D Fantasy Forest Tileset/Tileset/collectables/collectable_red.png using Guid(03293ac44527f1f4ebcad88fbc32a950) Importer(815301076,1909f56bfc062723c751e8b465ee728b)  -> (artifact id: '1e911eecc5efc3de3c65ca723d7b66ce') in 0.021429 seconds
Number of updated asset objects reloaded before import = 0
Number of asset objects unloaded after import = 3
========================================================================
Received Import Request.
  Time since last request: 0.000015 seconds.
  path: Assets/HyperLuminal/2D Fantasy Forest Tileset/Tileset/collectables/collectable_purple.png
  artifactKey: Guid(fd7474bd4d665ab4a9023cb9bd5ed052) Importer(815301076,1909f56bfc062723c751e8b465ee728b)
Start importing Assets/HyperLuminal/2D Fantasy Forest Tileset/Tileset/collectables/collectable_purple.png using Guid(fd7474bd4d665ab4a9023cb9bd5ed052) Importer(815301076,1909f56bfc062723c751e8b465ee728b)  -> (artifact id: 'fac5f141db7a39ca7a741cd26982cf21') in 0.017057 seconds
Number of updated asset objects reloaded before import = 0
Number of asset objects unloaded after import = 3
========================================================================
Received Import Request.
  Time since last request: 0.000053 seconds.
  path: Assets/HyperLuminal/2D Fantasy Forest Tileset/Tileset/checkpoints_and_triggers/checkpoint_blue.png
  artifactKey: Guid(100325c15a4a6c64c83ad92f93bec7d8) Importer(815301076,1909f56bfc062723c751e8b465ee728b)
Start importing Assets/HyperLuminal/2D Fantasy Forest Tileset/Tileset/checkpoints_and_triggers/checkpoint_blue.png using Guid(100325c15a4a6c64c83ad92f93bec7d8) Importer(815301076,1909f56bfc062723c751e8b465ee728b)  -> (artifact id: 'efc51c1f99b8d510ec73de0c4693b018') in 0.020380 seconds
Number of updated asset objects reloaded before import = 0
Number of asset objects unloaded after import = 3
========================================================================
Received Import Request.
  Time since last request: 0.000057 seconds.
  path: Assets/Sprites/Box/box1.png
  artifactKey: Guid(1e279f6f47a2d964fb9ccd39b26c5042) Importer(815301076,1909f56bfc062723c751e8b465ee728b)
Start importing Assets/Sprites/Box/box1.png using Guid(1e279f6f47a2d964fb9ccd39b26c5042) Importer(815301076,1909f56bfc062723c751e8b465ee728b)  -> (artifact id: '52718858aaa88557e6dd329e67b8620b') in 0.024199 seconds
Number of updated asset objects reloaded before import = 0
Number of asset objects unloaded after import = 3
========================================================================
Received Import Request.
  Time since last request: 0.000017 seconds.
  path: Assets/HyperLuminal/2D Fantasy Forest Tileset/Tileset/treasure/treasure_open_blue.png
  artifactKey: Guid(d965f335fc62a104c88c60c30e4ca9c1) Importer(815301076,1909f56bfc062723c751e8b465ee728b)
Start importing Assets/HyperLuminal/2D Fantasy Forest Tileset/Tileset/treasure/treasure_open_blue.png using Guid(d965f335fc62a104c88c60c30e4ca9c1) Importer(815301076,1909f56bfc062723c751e8b465ee728b)  -> (artifact id: '223319ac7e8e9db2a0e37d6bd6f9571c') in 0.022790 seconds
Number of updated asset objects reloaded before import = 0
Number of asset objects unloaded after import = 3
Editor requested this worker to shutdown with reason: Scaling down because of idle timeout
TcpMessagingSession - receive error: operation aborted. errorcode: 995, details: ќпераци€ ввода/вывода была прервана из-за завершени€ потока команд или по запросу приложени€.
AssetImportWorker is now disconnected from the server
Process exiting
Exiting without the bug reporter. Application will terminate with return code 0